<!DOCTYPE html PUBLIC "-//W3C//DTD XHTML 1.1//EN" "http://www.w3.org/TR/xhtml11/DTD/xhtml11.dtd">
<html xmlns="http://www.w3.org/1999/xhtml">
<head>
<meta http-equiv="content-type" content="text/html; charset=UTF-8"/>
<title>TestNG Report</title>
<style type="text/css">table {margin-bottom:10px;border-collapse:collapse;empty-cells:show}th,td {border:1px solid #009;padding:.25em .5em}th {vertical-align:bottom}td {vertical-align:top}table a {font-weight:bold}.stripe td {background-color: #E6EBF9}.num {text-align:right}.passedodd td {background-color: #3F3}.passedeven td {background-color: #0A0}.skippedodd td {background-color: #DDD}.skippedeven td {background-color: #CCC}.failedodd td,.attn {background-color: #F33}.failedeven td,.stripe .attn {background-color: #D00}.stacktrace {white-space:pre;font-family:monospace}.totop {font-size:85%;text-align:center;border-bottom:2px solid #000}.invisible {display:none}</style>
</head>
<body>
<table>
<tr><th>Test</th><th># Passed</th><th># Skipped</th><th># Failed</th><th>Time (ms)</th><th>Included Groups</th><th>Excluded Groups</th></tr>
<tr><th colspan="7">MercuryTours</th></tr>
<tr><td><a href="#t0">Mercury Tours Test</a></td><td class="num">9</td><td class="num">0</td><td class="num attn">3</td><td class="num">126,006</td><td></td><td></td></tr>
</table>
<table id='summary'><thead><tr><th>Class</th><th>Method</th><th>Start</th><th>Time (ms)</th></tr></thead><tbody><tr><th colspan="4">MercuryTours</th></tr></tbody><tbody id="t0"><tr><th colspan="4">Mercury Tours Test &#8212; failed</th></tr><tr class="failedeven"><td rowspan="3">com.mercury_tours.testCases.TC_RegisterDDT_003</td><td><a href="#m0">registerDDT</a></td><td rowspan="3">1581364449086</td><td rowspan="3">6116</td></tr><tr class="failedeven"><td><a href="#m1">registerDDT</a></td></tr><tr class="failedeven"><td><a href="#m2">registerDDT</a></td></tr><tr><th colspan="4">Mercury Tours Test &#8212; passed</th></tr><tr class="passedeven"><td rowspan="1">com.mercury_tours.testCases.TC_BookFlight_005</td><td><a href="#m3">bookFlight</a></td><td rowspan="1">1581364471574</td><td rowspan="1">25516</td></tr><tr class="passedodd"><td rowspan="2">com.mercury_tours.testCases.TC_RegisterDDT_003</td><td><a href="#m4">registerDDT</a></td><td rowspan="2">1581364428042</td><td rowspan="2">7995</td></tr><tr class="passedodd"><td><a href="#m5">registerDDT</a></td></tr><tr class="passedeven"><td rowspan="6">com.mercury_tours.testCases.TC_SignOnDDT_002</td><td><a href="#m6">SignOnDDT</a></td><td rowspan="6">1581364388778</td><td rowspan="6">4336</td></tr><tr class="passedeven"><td><a href="#m7">SignOnDDT</a></td></tr><tr class="passedeven"><td><a href="#m8">SignOnDDT</a></td></tr><tr class="passedeven"><td><a href="#m9">SignOnDDT</a></td></tr><tr class="passedeven"><td><a href="#m10">SignOnDDT</a></td></tr><tr class="passedeven"><td><a href="#m11">SignOnDDT</a></td></tr></tbody>
</table>
<h2>Mercury Tours Test</h2><h3 id="m0">com.mercury_tours.testCases.TC_RegisterDDT_003#registerDDT</h3><table class="result"><tr class="param"><th>Parameter #1</th><th>Parameter #2</th><th>Parameter #3</th><th>Parameter #4</th><th>Parameter #5</th><th>Parameter #6</th><th>Parameter #7</th><th>Parameter #8</th><th>Parameter #9</th><th>Parameter #10</th><th>Parameter #11</th><th>Parameter #12</th><th>Parameter #13</th><th>Parameter #14</th></tr><tr class="param stripe"><td>13213</td><td></td><td></td><td>aaa.com</td><td></td><td></td><td></td><td></td><td>aaaaa</td><td></td><td>paul</td><td>paul789</td><td>paul789</td><td>FALSE</td></tr><tr><th colspan="14">Exception</th></tr><tr><td colspan="14"><div class="stacktrace">org.openqa.selenium.NoSuchElementException: Cannot locate element with text: 
For documentation on this error, please visit: https://www.seleniumhq.org/exceptions/no_such_element.html
Build info: version: &apos;3.141.59&apos;, revision: &apos;e82be7d358&apos;, time: &apos;2018-11-14T08:17:03&apos;
System info: host: &apos;LAPTOP-M7L5P8KB&apos;, ip: &apos;192.168.0.8&apos;, os.name: &apos;Windows 10&apos;, os.arch: &apos;amd64&apos;, os.version: &apos;10.0&apos;, java.version: &apos;13.0.2&apos;
Driver info: driver.version: unknown
	at org.openqa.selenium.support.ui.Select.selectByVisibleText(Select.java:147)
	at com.mercury_tours.pageObjects.Register.setCountry(Register.java:143)
	at com.mercury_tours.testCases.TC_RegisterDDT_003.registerDDT(TC_RegisterDDT_003.java:66)
... Removed 25 stack frames</div></td></tr></table><p class="totop"><a href="#summary">back to summary</a></p>
<h3 id="m1">com.mercury_tours.testCases.TC_RegisterDDT_003#registerDDT</h3><table class="result"><tr class="param"><th>Parameter #1</th><th>Parameter #2</th><th>Parameter #3</th><th>Parameter #4</th><th>Parameter #5</th><th>Parameter #6</th><th>Parameter #7</th><th>Parameter #8</th><th>Parameter #9</th><th>Parameter #10</th><th>Parameter #11</th><th>Parameter #12</th><th>Parameter #13</th><th>Parameter #14</th></tr><tr class="param stripe"><td></td><td></td><td></td><td></td><td></td><td></td><td></td><td></td><td></td><td></td><td>jim</td><td>jim111</td><td>jim111</td><td>FALSE</td></tr><tr><th colspan="14">Exception</th></tr><tr><td colspan="14"><div class="stacktrace">org.openqa.selenium.NoSuchElementException: Cannot locate element with text: 
For documentation on this error, please visit: https://www.seleniumhq.org/exceptions/no_such_element.html
Build info: version: &apos;3.141.59&apos;, revision: &apos;e82be7d358&apos;, time: &apos;2018-11-14T08:17:03&apos;
System info: host: &apos;LAPTOP-M7L5P8KB&apos;, ip: &apos;192.168.0.8&apos;, os.name: &apos;Windows 10&apos;, os.arch: &apos;amd64&apos;, os.version: &apos;10.0&apos;, java.version: &apos;13.0.2&apos;
Driver info: driver.version: unknown
	at org.openqa.selenium.support.ui.Select.selectByVisibleText(Select.java:147)
	at com.mercury_tours.pageObjects.Register.setCountry(Register.java:143)
	at com.mercury_tours.testCases.TC_RegisterDDT_003.registerDDT(TC_RegisterDDT_003.java:66)
... Removed 25 stack frames</div></td></tr></table><p class="totop"><a href="#summary">back to summary</a></p>
<h3 id="m2">com.mercury_tours.testCases.TC_RegisterDDT_003#registerDDT</h3><table class="result"><tr class="param"><th>Parameter #1</th><th>Parameter #2</th><th>Parameter #3</th><th>Parameter #4</th><th>Parameter #5</th><th>Parameter #6</th><th>Parameter #7</th><th>Parameter #8</th><th>Parameter #9</th><th>Parameter #10</th><th>Parameter #11</th><th>Parameter #12</th><th>Parameter #13</th><th>Parameter #14</th></tr><tr class="param stripe"><td>abc</td><td>def</td><td>aaabbb</td><td>12312</td><td>12, n street</td><td></td><td>pune</td><td>maharashtra</td><td>11111</td><td>INDIA</td><td></td><td></td><td>aac</td><td>FALSE</td></tr><tr><th colspan="14">Exception</th></tr><tr><td colspan="14"><div class="stacktrace">java.lang.AssertionError: expected [true] but found [false]
	at com.mercury_tours.testCases.TC_RegisterDDT_003.registerDDT(TC_RegisterDDT_003.java:90)
... Removed 29 stack frames</div></td></tr></table><p class="totop"><a href="#summary">back to summary</a></p>
<h3 id="m3">com.mercury_tours.testCases.TC_BookFlight_005#bookFlight</h3><table class="result"><tr><th class="invisible"/></tr></table><p class="totop"><a href="#summary">back to summary</a></p>
<h3 id="m4">com.mercury_tours.testCases.TC_RegisterDDT_003#registerDDT</h3><table class="result"><tr class="param"><th>Parameter #1</th><th>Parameter #2</th><th>Parameter #3</th><th>Parameter #4</th><th>Parameter #5</th><th>Parameter #6</th><th>Parameter #7</th><th>Parameter #8</th><th>Parameter #9</th><th>Parameter #10</th><th>Parameter #11</th><th>Parameter #12</th><th>Parameter #13</th><th>Parameter #14</th></tr><tr class="param stripe"><td>Tom</td><td>Beyer</td><td>4801111111</td><td>tom@gmail.com</td><td>1,E thomas st</td><td>#333</td><td>phoenix</td><td>AZ</td><td>85111</td><td>UNITED STATES</td><td>tom</td><td>tom123</td><td>tom123</td><td>TRUE</td></tr></table><p class="totop"><a href="#summary">back to summary</a></p>
<h3 id="m5">com.mercury_tours.testCases.TC_RegisterDDT_003#registerDDT</h3><table class="result"><tr class="param"><th>Parameter #1</th><th>Parameter #2</th><th>Parameter #3</th><th>Parameter #4</th><th>Parameter #5</th><th>Parameter #6</th><th>Parameter #7</th><th>Parameter #8</th><th>Parameter #9</th><th>Parameter #10</th><th>Parameter #11</th><th>Parameter #12</th><th>Parameter #13</th><th>Parameter #14</th></tr><tr class="param stripe"><td>Peter</td><td>Dias</td><td></td><td>peter@gmail.com</td><td>9, s street</td><td></td><td>LA</td><td>California</td><td>85858</td><td>UNITED STATES</td><td>peter</td><td>p1234</td><td>p1234</td><td>TRUE</td></tr></table><p class="totop"><a href="#summary">back to summary</a></p>
<h3 id="m6">com.mercury_tours.testCases.TC_SignOnDDT_002#SignOnDDT</h3><table class="result"><tr class="param"><th>Parameter #1</th><th>Parameter #2</th><th>Parameter #3</th></tr><tr class="param stripe"><td></td><td>1a2b3c</td><td>FALSE</td></tr></table><p class="totop"><a href="#summary">back to summary</a></p>
<h3 id="m7">com.mercury_tours.testCases.TC_SignOnDDT_002#SignOnDDT</h3><table class="result"><tr class="param"><th>Parameter #1</th><th>Parameter #2</th><th>Parameter #3</th></tr><tr class="param stripe"><td>stest</td><td></td><td>FALSE</td></tr></table><p class="totop"><a href="#summary">back to summary</a></p>
<h3 id="m8">com.mercury_tours.testCases.TC_SignOnDDT_002#SignOnDDT</h3><table class="result"><tr class="param"><th>Parameter #1</th><th>Parameter #2</th><th>Parameter #3</th></tr><tr class="param stripe"><td>mercury</td><td>mercury</td><td>TRUE</td></tr></table><p class="totop"><a href="#summary">back to summary</a></p>
<h3 id="m9">com.mercury_tours.testCases.TC_SignOnDDT_002#SignOnDDT</h3><table class="result"><tr class="param"><th>Parameter #1</th><th>Parameter #2</th><th>Parameter #3</th></tr><tr class="param stripe"><td>ptest</td><td>ptest1234</td><td>FALSE</td></tr></table><p class="totop"><a href="#summary">back to summary</a></p>
<h3 id="m10">com.mercury_tours.testCases.TC_SignOnDDT_002#SignOnDDT</h3><table class="result"><tr class="param"><th>Parameter #1</th><th>Parameter #2</th><th>Parameter #3</th></tr><tr class="param stripe"><td></td><td></td><td>FALSE</td></tr></table><p class="totop"><a href="#summary">back to summary</a></p>
<h3 id="m11">com.mercury_tours.testCases.TC_SignOnDDT_002#SignOnDDT</h3><table class="result"><tr class="param"><th>Parameter #1</th><th>Parameter #2</th><th>Parameter #3</th></tr><tr class="param stripe"><td>abcde</td><td>1234</td><td>FALSE</td></tr></table><p class="totop"><a href="#summary">back to summary</a></p>
</body>
</html>
