<?xml version="1.0" encoding="UTF-8"?>
<!-- Generated by org.testng.reporters.JUnitXMLReporter -->
<testsuite ignored="0" hostname="LAPTOP-M7L5P8KB" failures="3" tests="12" name="Mercury Tours Test" time="149.595" errors="0" timestamp="10 Feb 2020 19:08:04 GMT">
  <testcase classname="com.mercury_tours.testCases.TC_SignOnDDT_002" name="SignOnDDT" time="4.399"/>
  <testcase classname="com.mercury_tours.testCases.TC_SignOnDDT_002" name="SignOnDDT" time="4.329"/>
  <testcase classname="com.mercury_tours.testCases.TC_SignOnDDT_002" name="SignOnDDT" time="4.137"/>
  <testcase classname="com.mercury_tours.testCases.TC_SignOnDDT_002" name="SignOnDDT" time="9.843"/>
  <testcase classname="com.mercury_tours.testCases.TC_SignOnDDT_002" name="SignOnDDT" time="4.189"/>
  <testcase classname="com.mercury_tours.testCases.TC_SignOnDDT_002" name="SignOnDDT" time="4.128"/>
  <testcase classname="com.mercury_tours.testCases.TC_RegisterDDT_003" name="registerDDT" time="8.135"/>
  <testcase classname="com.mercury_tours.testCases.TC_RegisterDDT_003" name="registerDDT" time="7.564">
    <failure type="java.lang.AssertionError" message="expected [true] but found [false]">
      <![CDATA[java.lang.AssertionError: expected [true] but found [false]
at com.mercury_tours.testCases.TC_RegisterDDT_003.registerDDT(TC_RegisterDDT_003.java:107)
... Removed 29 stack frames]]>
    </failure>
  </testcase> <!-- registerDDT -->
  <testcase classname="com.mercury_tours.testCases.TC_RegisterDDT_003" name="registerDDT" time="10.263"/>
  <testcase classname="com.mercury_tours.testCases.TC_RegisterDDT_003" name="registerDDT" time="5.978">
    <failure type="org.openqa.selenium.NoSuchElementException" message="Cannot locate element with text: 
For documentation on this error, please visit: https://www.seleniumhq.org/exceptions/no_such_element.html
Build info: version: &amp;apos;3.141.59&amp;apos;, revision: &amp;apos;e82be7d358&amp;apos;, time: &amp;apos;2018-11-14T08:17:03&amp;apos;
System info: host: &amp;apos;LAPTOP-M7L5P8KB&amp;apos;, ip: &amp;apos;192.168.0.8&amp;apos;, os.name: &amp;apos;Windows 10&amp;apos;, os.arch: &amp;apos;amd64&amp;apos;, os.version: &amp;apos;10.0&amp;apos;, java.version: &amp;apos;13.0.2&amp;apos;
Driver info: driver.version: unknown">
      <![CDATA[org.openqa.selenium.NoSuchElementException: Cannot locate element with text: 
For documentation on this error, please visit: https://www.seleniumhq.org/exceptions/no_such_element.html
Build info: version: '3.141.59', revision: 'e82be7d358', time: '2018-11-14T08:17:03'
System info: host: 'LAPTOP-M7L5P8KB', ip: '192.168.0.8', os.name: 'Windows 10', os.arch: 'amd64', os.version: '10.0', java.version: '13.0.2'
Driver info: driver.version: unknown
at org.openqa.selenium.support.ui.Select.selectByVisibleText(Select.java:147)
at com.mercury_tours.pageObjects.Register.setCountry(Register.java:143)
at com.mercury_tours.testCases.TC_RegisterDDT_003.registerDDT(TC_RegisterDDT_003.java:84)
... Removed 25 stack frames]]>
    </failure>
  </testcase> <!-- registerDDT -->
  <testcase classname="com.mercury_tours.testCases.TC_RegisterDDT_003" name="registerDDT" time="5.818">
    <failure type="org.openqa.selenium.NoSuchElementException" message="Cannot locate element with text: 
For documentation on this error, please visit: https://www.seleniumhq.org/exceptions/no_such_element.html
Build info: version: &amp;apos;3.141.59&amp;apos;, revision: &amp;apos;e82be7d358&amp;apos;, time: &amp;apos;2018-11-14T08:17:03&amp;apos;
System info: host: &amp;apos;LAPTOP-M7L5P8KB&amp;apos;, ip: &amp;apos;192.168.0.8&amp;apos;, os.name: &amp;apos;Windows 10&amp;apos;, os.arch: &amp;apos;amd64&amp;apos;, os.version: &amp;apos;10.0&amp;apos;, java.version: &amp;apos;13.0.2&amp;apos;
Driver info: driver.version: unknown">
      <![CDATA[org.openqa.selenium.NoSuchElementException: Cannot locate element with text: 
For documentation on this error, please visit: https://www.seleniumhq.org/exceptions/no_such_element.html
Build info: version: '3.141.59', revision: 'e82be7d358', time: '2018-11-14T08:17:03'
System info: host: 'LAPTOP-M7L5P8KB', ip: '192.168.0.8', os.name: 'Windows 10', os.arch: 'amd64', os.version: '10.0', java.version: '13.0.2'
Driver info: driver.version: unknown
at org.openqa.selenium.support.ui.Select.selectByVisibleText(Select.java:147)
at com.mercury_tours.pageObjects.Register.setCountry(Register.java:143)
at com.mercury_tours.testCases.TC_RegisterDDT_003.registerDDT(TC_RegisterDDT_003.java:84)
... Removed 25 stack frames]]>
    </failure>
  </testcase> <!-- registerDDT -->
  <testcase classname="com.mercury_tours.testCases.TC_BookFlight_005" name="bookFlight" time="24.795"/>
</testsuite> <!-- Mercury Tours Test -->
